[ WARN ] Multiple tests with name 'TC1 899 Zip-Front Jacket with Contrast Piping' executed in suite 'MobileImageAutomation.Rob1'.
[ WARN ] Multiple tests with name 'TC1 396 Zip-Front Bomber Jacket with Welt Pockets' executed in suite 'MobileImageAutomation.Rob1'.
[ WARN ] Multiple tests with name 'TC1 1715 Slim Fit Zip-Front Biker Jacket' executed in suite 'MobileImageAutomation.Rob1'.
[ WARN ] Multiple tests with name 'TC1 396 Zip-Front Bomber Jacket with Welt Pockets' executed in suite 'MobileImageAutomation.Rob1'.
[ WARN ] Multiple tests with name 'TC1 899 Zip-Front Jacket with Contrast Piping' executed in suite 'MobileImageAutomation.Rob1'.
[ WARN ] Multiple tests with name 'TC1 1800 Packable Ultralight Puffer Jacket' executed in suite 'MobileImageAutomation.Rob1'.
[ WARN ] Multiple tests with name 'TC1 1800 Packable Ultralight Puffer Jacket' executed in suite 'MobileImageAutomation.Rob1'.
[ WARN ] Multiple tests with name 'TC1 396 Zip-Front Bomber Jacket' executed in suite 'MobileImageAutomation.Rob1'.
[ WARN ] Multiple tests with name 'TC1 396 Zip-Front Bomber Jacket with Welt Pockets' executed in suite 'MobileImageAutomation.Rob1'.
[ WARN ] Multiple tests with name 'TC1 1800 Packable Ultralight Puffer Jacket' executed in suite 'MobileImageAutomation.Rob1'.
[ WARN ] Multiple tests with name 'TC1 616 Washed Full Sleeves Trucker Jacket with Buttoned Flap Pockets' executed in suite 'MobileImageAutomation.Rob1'.
[ WARN ] Multiple tests with name 'TC1 833 Quilted Zip-Front Gilet' executed in suite 'MobileImageAutomation.Rob1'.
[ WARN ] Multiple tests with name 'TC1 1960 Colourblock Slim Fit Bomber Jacket' executed in suite 'MobileImageAutomation.Rob1'.
[ WARN ] Multiple tests with name 'TC1 1800 Packable Ultralight Puffer Jacket' executed in suite 'MobileImageAutomation.Rob1'.
[ WARN ] Multiple tests with name 'TC1 2435 Zip-Front Puffer Jacket' executed in suite 'MobileImageAutomation.Rob1'.
[ WARN ] Multiple tests with name 'TC1 1470 Checked Bomber Jacket' executed in suite 'MobileImageAutomation.Rob1'.
[ WARN ] Multiple tests with name 'TC1 2000 Panelled Trucker Jacket' executed in suite 'MobileImageAutomation.Rob1'.
[ WARN ] Multiple tests with name 'TC1 2205 Slim Fit Zip-Front Jacket with Mock Collar' executed in suite 'MobileImageAutomation.Rob1'.
[ WARN ] Multiple tests with name 'TC1 1715 Quilted PFR Slim Fit Bomber Jacket' executed in suite 'MobileImageAutomation.Rob1'.
[ WARN ] Multiple tests with name 'TC1 396 Typographic Print Zip-Front Bomber Jacket' executed in suite 'MobileImageAutomation.Rob1'.
[ WARN ] Multiple tests with name 'TC1 2250 Zip-Front Biker Jacket' executed in suite 'MobileImageAutomation.Rob1'.
[ WARN ] Multiple tests with name 'TC1 1989 Geometric Print Zip-Front Jacket' executed in suite 'MobileImageAutomation.Rob1'.
[ WARN ] Multiple tests with name 'TC1 1715 Quilted PFR Slim Fit Bomber Jacket' executed in suite 'MobileImageAutomation.Rob1'.
[ WARN ] Multiple tests with name 'TC1 3419 High-Neck Jacket with Button-Flap Pockets' executed in suite 'MobileImageAutomation.Rob1'.
[ WARN ] Multiple tests with name 'TC1 980 Genuine Leather Zip-Front Puffer Jacket with Zipper Pockets' executed in suite 'MobileImageAutomation.Rob1'.
[ WARN ] Multiple tests with name 'TC1 1860 Packable Ultralight Puffer Jacket' executed in suite 'MobileImageAutomation.Rob1'.
[ WARN ] Multiple tests with name 'TC1 1323 Zip-Front Slim Fit Biker Jacket' executed in suite 'MobileImageAutomation.Rob1'.
[ WARN ] Multiple tests with name 'TC1 850 Hooded Running Jacket with Raglan Sleeves' executed in suite 'MobileImageAutomation.Rob1'.
[ WARN ] Multiple tests with name 'TC1 396 Zip-Front Bomber Jacket with Welt Pockets' executed in suite 'MobileImageAutomation.Rob1'.
[ WARN ] Multiple tests with name 'TC1 396 Zip-Front Bomber Jacket with Welt Pockets' executed in suite 'MobileImageAutomation.Rob1'.
[ WARN ] Multiple tests with name 'TC1 1750 Zip-Front Bomber Jacket' executed in suite 'MobileImageAutomation.Rob1'.
[ WARN ] Multiple tests with name 'TC1 1813 Slim Fit Reversible Zip-Front Jacket' executed in suite 'MobileImageAutomation.Rob1'.
[ WARN ] Multiple tests with name 'TC1 2500 Zip-Front Biker Jacket with Insert Pockets' executed in suite 'MobileImageAutomation.Rob1'.
[ WARN ] Multiple tests with name 'TC1 899 Fastdry Active Training Jacket' executed in suite 'MobileImageAutomation.Rob1'.
[ WARN ] Multiple tests with name 'TC1 2250 Zip-Front Biker Jacket' executed in suite 'MobileImageAutomation.Rob1'.
[ WARN ] Multiple tests with name 'TC1 2040 Packable Ultralight Puffer Jacket' executed in suite 'MobileImageAutomation.Rob1'.
[ WARN ] Multiple tests with name 'TC1 1127 Zip-Front Slim Fit Jacket' executed in suite 'MobileImageAutomation.Rob1'.
[ WARN ] Multiple tests with name 'TC1 616 Washed Trucker Jacket with Buttoned-Flap Pockets' executed in suite 'MobileImageAutomation.Rob1'.
[ WARN ] Multiple tests with name 'TC1 833 Zip-Front Puffer Jacket with Slip Pockets' executed in suite 'MobileImageAutomation.Rob1'.
[ WARN ] Multiple tests with name 'TC1 616 Denim Jacket with Flap Pockets' executed in suite 'MobileImageAutomation.Rob1'.
[ WARN ] Multiple tests with name 'TC1 396 Zip-Front Bomber Jacket' executed in suite 'MobileImageAutomation.Rob1'.
[ WARN ] Multiple tests with name 'TC1 850 Hooded Running Jacket with Raglan Sleeves' executed in suite 'MobileImageAutomation.Rob1'.
[ WARN ] Multiple tests with name 'TC1 5000 Racker Rev Reversible Hooded Puffer Jacket' executed in suite 'MobileImageAutomation.Rob1'.
[ WARN ] Multiple tests with name 'TC1 912 Panelled Zip-Front Bomber Jacket with Pockets' executed in suite 'MobileImageAutomation.Rob1'.
[ WARN ] Multiple tests with name 'TC1 700 Zip-Front Bomber Jacket' executed in suite 'MobileImageAutomation.Rob1'.
[ WARN ] Multiple tests with name 'TC1 616 Washed Trucker Jacket with Buttoned-Flap Pockets' executed in suite 'MobileImageAutomation.Rob1'.
[ WARN ] Multiple tests with name 'TC1 1960 Slim Fit Zip-Front Bomber Jacket' executed in suite 'MobileImageAutomation.Rob1'.
[ WARN ] Multiple tests with name 'TC1 2040 Packable Ultralight Puffer Jacket' executed in suite 'MobileImageAutomation.Rob1'.
[ WARN ] Multiple tests with name 'TC1 396 Zip-Front Bomber Jacket' executed in suite 'MobileImageAutomation.Rob1'.
[ WARN ] Multiple tests with name 'TC1 1190 Denim Jacket with Flap Pockets' executed in suite 'MobileImageAutomation.Rob1'.
[ WARN ] Multiple tests with name 'TC1 1218 Denim Flap Pockets Jacket' executed in suite 'MobileImageAutomation.Rob1'.
[ WARN ] Multiple tests with name 'TC1 624 Zip-Front Training & Performance Jacket' executed in suite 'MobileImageAutomation.Rob1'.
[ WARN ] Multiple tests with name 'TC1 1715 Slim Fit Zip-Front Biker Jacket' executed in suite 'MobileImageAutomation.Rob1'.
[ WARN ] Multiple tests with name 'TC1 624 Zip-Front Training & Performance Jacket' executed in suite 'MobileImageAutomation.Rob1'.
[ WARN ] Multiple tests with name 'TC1 396 Colourblock Zip-Front Bomber Jacket' executed in suite 'MobileImageAutomation.Rob1'.
[ WARN ] Multiple tests with name 'TC1 1250 Zip-Front Bomber Jacket with Flap Pockets' executed in suite 'MobileImageAutomation.Rob1'.
[ WARN ] Multiple tests with name 'TC1 1500 Bomber Jacket with Zipper Pockets' executed in suite 'MobileImageAutomation.Rob1'.
[ WARN ] Multiple tests with name 'TC1 1750 Zip-Front Bomber Jacket' executed in suite 'MobileImageAutomation.Rob1'.
[ WARN ] Multiple tests with name 'TC1 396 Zip-Front Bomber Jacket' executed in suite 'MobileImageAutomation.Rob1'.
[ WARN ] Multiple tests with name 'TC1 974 Typographic Print Button-Down Closure Jacket' executed in suite 'MobileImageAutomation.Rob1'.
[ WARN ] Multiple tests with name 'TC1 1500 Button-Down Trucker Jacket with Flap Pockets' executed in suite 'MobileImageAutomation.Rob1'.
[ WARN ] Multiple tests with name 'TC1 816 Quilted Scooter Jacket with Insert Pockets' executed in suite 'MobileImageAutomation.Rob1'.
[ WARN ] Multiple tests with name 'TC1 2000 Zip-Front Puffer Jacket' executed in suite 'MobileImageAutomation.Rob1'.
[ WARN ] Multiple tests with name 'TC1 974 Typographic Print Button-Down Closure Jacket' executed in suite 'MobileImageAutomation.Rob1'.
[ WARN ] Multiple tests with name 'TC1 1750 Button-Down Bomber Jacket' executed in suite 'MobileImageAutomation.Rob1'.
[ WARN ] Multiple tests with name 'TC1 2000 Single-Breasted Blazer with Flap Pockets' executed in suite 'MobileImageAutomation.Rob1'.
[ WARN ] Multiple tests with name 'TC1 2000 Zip-Front Puffer Jacket' executed in suite 'MobileImageAutomation.Rob1'.
[ WARN ] Multiple tests with name 'TC1 735 Colourblock Zip-Front Track Jacket' executed in suite 'MobileImageAutomation.Rob1'.
[ WARN ] Multiple tests with name 'TC1 5500 Ezio Zip-Front Hooded Jacket' executed in suite 'MobileImageAutomation.Rob1'.
[ WARN ] Multiple tests with name 'TC1 850 Hooded Running Jacket with Raglan Sleeves' executed in suite 'MobileImageAutomation.Rob1'.
[ WARN ] Multiple tests with name 'TC1 7149 Mountain Padded Hooded Parka Jacket' executed in suite 'MobileImageAutomation.Rob1'.
[ WARN ] Multiple tests with name 'TC1 599 Zip-Front Slim Fit Puffer Jacket' executed in suite 'MobileImageAutomation.Rob1'.
[ WARN ] Multiple tests with name 'TC1 980 Zip-Front Puffer Jacket' executed in suite 'MobileImageAutomation.Rob1'.
[ WARN ] Multiple tests with name 'TC1 480 Zip-Front Padded Bomber Jacket' executed in suite 'MobileImageAutomation.Rob1'.
[ WARN ] Multiple tests with name 'TC1 816 Quilted Scooter Jacket with Insert Pockets' executed in suite 'MobileImageAutomation.Rob1'.
[ WARN ] Multiple tests with name 'TC1 3000 Vintage Logo Embroidered Zip-Front Track Jacket' executed in suite 'MobileImageAutomation.Rob1'.
[ WARN ] Multiple tests with name 'TC1 816 Colourblock Track Jacket with Cut & Sewn Detailing' executed in suite 'MobileImageAutomation.Rob1'.
[ WARN ] Multiple tests with name 'TC1 1960 Slim Fit Zip-Front Bomber Jacket' executed in suite 'MobileImageAutomation.Rob1'.
[ WARN ] Multiple tests with name 'TC1 1500 Button-Down Trucker Jacket with Flap Pockets' executed in suite 'MobileImageAutomation.Rob1'.
[ WARN ] Multiple tests with name 'TC1 2500 Zip-Front Bomber Jacket' executed in suite 'MobileImageAutomation.Rob1'.
[ WARN ] Multiple tests with name 'TC1 8999 Code Tech Core Down Jacket' executed in suite 'MobileImageAutomation.Rob1'.
[ WARN ] Multiple tests with name 'TC1 1800 Zip-Front Quilted Jacket' executed in suite 'MobileImageAutomation.Rob1'.
[ WARN ] Multiple tests with name 'TC1 2500 Zip-Front Biker Jacket with Insert Pockets' executed in suite 'MobileImageAutomation.Rob1'.
[ WARN ] Multiple tests with name 'TC1 735 Colourblock Jacket with Insert Pockets' executed in suite 'MobileImageAutomation.Rob1'.
[ WARN ] Multiple tests with name 'TC1 1500 Button-Down Trucker Jacket with Flap Pockets' executed in suite 'MobileImageAutomation.Rob1'.
[ WARN ] Multiple tests with name 'TC1 3500 Zip-Front Biker Jacket' executed in suite 'MobileImageAutomation.Rob1'.
[ WARN ] Multiple tests with name 'TC1 2000 Suede Bomber Jacket' executed in suite 'MobileImageAutomation.Rob1'.
[ WARN ] Multiple tests with name 'TC1 5000 Code Tech SoftShell Zip-Front Jacket' executed in suite 'MobileImageAutomation.Rob1'.
[ WARN ] Multiple tests with name 'TC1 1617 Slim Fit Zip-Front Bomber Jacket' executed in suite 'MobileImageAutomation.Rob1'.
[ WARN ] Multiple tests with name 'TC1 910 Slim-Fit Button-Closure Jacket with Flap Pockets' executed in suite 'MobileImageAutomation.Rob1'.
[ WARN ] Multiple tests with name 'TC1 2205 Slim Fit Jacket with Insert Pockets' executed in suite 'MobileImageAutomation.Rob1'.
[ WARN ] Multiple tests with name 'TC1 960 Quilted Slim Fit Gillet' executed in suite 'MobileImageAutomation.Rob1'.
[ WARN ] Multiple tests with name 'TC1 2000 Zip-Front Bomber Jacket' executed in suite 'MobileImageAutomation.Rob1'.
[ WARN ] Multiple tests with name 'TC1 7799 Leonardo Hooded Zip-Front Jacket' executed in suite 'MobileImageAutomation.Rob1'.
[ WARN ] Multiple tests with name 'TC1 1440 Genuine Leather Zip-Front Bomber Jacket with Insert Pockets' executed in suite 'MobileImageAutomation.Rob1'.
[ WARN ] Multiple tests with name 'TC1 816 Quilted Scooter Jacket with Insert Pockets' executed in suite 'MobileImageAutomation.Rob1'.
[ WARN ] Multiple tests with name 'TC1 1078 Zip-Front Slim Fit Track Jacket' executed in suite 'MobileImageAutomation.Rob1'.
[ WARN ] Multiple tests with name 'TC1 1427 Zip-Front Hooded Jacket' executed in suite 'MobileImageAutomation.Rob1'.
[ WARN ] Multiple tests with name 'TC1 1162 Zip-Front Jacket with Detachable Hood' executed in suite 'MobileImageAutomation.Rob1'.
[ WARN ] Multiple tests with name 'TC1 1014 Zip-Front Track Jacket with Zipper Pockets' executed in suite 'MobileImageAutomation.Rob1'.
[ WARN ] Multiple tests with name 'TC1 510 Quickdry Zip-Front Jacket' executed in suite 'MobileImageAutomation.Rob1'.
[ WARN ] Multiple tests with name 'TC1 2040 Packable Ultralight Puffer Jacket' executed in suite 'MobileImageAutomation.Rob1'.
[ WARN ] Multiple tests with name 'TC1 1440 Zip-Front Jacket with Insert Pockets' executed in suite 'MobileImageAutomation.Rob1'.
[ WARN ] Multiple tests with name 'TC1 1500 Button-Down Trucker Jacket with Flap Pockets' executed in suite 'MobileImageAutomation.Rob1'.
[ WARN ] Multiple tests with name 'TC1 7500 Hooded Everest Bomber Jacket' executed in suite 'MobileImageAutomation.Rob1'.
[ WARN ] Multiple tests with name 'TC1 1440 Slim Fit Zip-Front Bomber Jacket with Contrast Tipping' executed in suite 'MobileImageAutomation.Rob1'.
[ WARN ] Multiple tests with name 'TC1 1680 Iconic Baseball Bomber Jacket' executed in suite 'MobileImageAutomation.Rob1'.
[ WARN ] Multiple tests with name 'TC1 1500 Zip-Front Jacket with Flap Pockets' executed in suite 'MobileImageAutomation.Rob1'.
[ WARN ] Multiple tests with name 'TC1 8249 Code Trekker Jacket' executed in suite 'MobileImageAutomation.Rob1'.
[ WARN ] Multiple tests with name 'TC1 816 Quilted Scooter Jacket with Insert Pockets' executed in suite 'MobileImageAutomation.Rob1'.
[ WARN ] Multiple tests with name 'TC1 1470 Slim Fit Puffer Jacket with Zipper Pockets' executed in suite 'MobileImageAutomation.Rob1'.
[ WARN ] Multiple tests with name 'TC1 1750 Zip-Front Bomber Jacket' executed in suite 'MobileImageAutomation.Rob1'.
[ WARN ] Multiple tests with name 'TC1 1169 Brand Print Fastdry Running Jacket' executed in suite 'MobileImageAutomation.Rob1'.
[ WARN ] Multiple tests with name 'TC1 1040 Colourblock Zip-Front Hooded Jacket' executed in suite 'MobileImageAutomation.Rob1'.
[ WARN ] Multiple tests with name 'TC1 2500 Zip-Front Bomber Jacket' executed in suite 'MobileImageAutomation.Rob1'.
[ WARN ] Multiple tests with name 'TC1 2695 Zip-Front Slim Fit Biker Jacket' executed in suite 'MobileImageAutomation.Rob1'.
[ WARN ] Multiple tests with name 'TC1 1099 Quilted Slim Fit Bomber Jacket' executed in suite 'MobileImageAutomation.Rob1'.
[ WARN ] Multiple tests with name 'TC1 988 Slim Fit Jacket with Zip-Front' executed in suite 'MobileImageAutomation.Rob1'.
[ WARN ] Multiple tests with name 'TC1 960 Zip-Front Puffer Jacket with Insert Pockets' executed in suite 'MobileImageAutomation.Rob1'.
[ WARN ] Multiple tests with name 'TC1 1500 Zip-Front Bomber Jacket with Flap Pockets' executed in suite 'MobileImageAutomation.Rob1'.
[ WARN ] Multiple tests with name 'TC1 1500 Zip-Front Hooded Jacket' executed in suite 'MobileImageAutomation.Rob1'.
[ WARN ] Multiple tests with name 'TC1 510 Quickdry Zip-Front Jacket' executed in suite 'MobileImageAutomation.Rob1'.
[ WARN ] Multiple tests with name 'TC1 3000 Vintage Logo Embroidered Zip-Front Track Jacket' executed in suite 'MobileImageAutomation.Rob1'.
[ WARN ] Multiple tests with name 'TC1 1899 2730 Super Combed Cotton French Terry Jacket with Ribbed Cuffs and Convenient Side Pockets' executed in suite 'MobileImageAutomation.Rob1'.
[ WARN ] Multiple tests with name 'TC1 2107 Slim Fit Bomber Jacket with Hood' executed in suite 'MobileImageAutomation.Rob1'.
[ WARN ] Multiple tests with name 'TC1 1799 Button-Closure Denim Jacket with Spread Collar' executed in suite 'MobileImageAutomation.Rob1'.
[ WARN ] Multiple tests with name 'TC1 2250 Quilted Bomber Jacket with Zip Front' executed in suite 'MobileImageAutomation.Rob1'.
[ WARN ] Multiple tests with name 'TC1 700 Zip-Front Track Jacket with Slip Pockets' executed in suite 'MobileImageAutomation.Rob1'.
[ WARN ] Multiple tests with name 'TC1 910 Slim Fit Jacket with Flap Pockets' executed in suite 'MobileImageAutomation.Rob1'.
[ WARN ] Multiple tests with name 'TC1 1400 Horizontal Quilted Gilet' executed in suite 'MobileImageAutomation.Rob1'.
[ WARN ] Multiple tests with name 'TC1 1750 Colourblock Mock-Neck Jacket with Insert Pockets' executed in suite 'MobileImageAutomation.Rob1'.
[ WARN ] Multiple tests with name 'TC1 1960 Zip-Front Slim Fit Jacket' executed in suite 'MobileImageAutomation.Rob1'.
[ WARN ] Multiple tests with name 'TC1 1085 Washed Slim Fit Denim Jacket' executed in suite 'MobileImageAutomation.Rob1'.
[ WARN ] Multiple tests with name 'TC1 2500 Zip-Front Bomber Jacket' executed in suite 'MobileImageAutomation.Rob1'.
[ WARN ] Multiple tests with name 'TC1 7699 Code XPD Radar Quilt Mix Hooded Jacket' executed in suite 'MobileImageAutomation.Rob1'.
[ WARN ] Multiple tests with name 'TC1 659 Zip-Front Slim Fit Puffer Jacket' executed in suite 'MobileImageAutomation.Rob1'.
[ WARN ] Multiple tests with name 'TC1 988 Zip-Front Bomber Jacket with Insert Pockets' executed in suite 'MobileImageAutomation.Rob1'.
[ WARN ] Multiple tests with name 'TC1 500 Heathered Hoodie with Kangaroo Pockets' executed in suite 'MobileImageAutomation.Rob1'.
[ WARN ] Multiple tests with name 'TC1 2300 Zip-Front Bomber Jacket' executed in suite 'MobileImageAutomation.Rob1'.
[ WARN ] Multiple tests with name 'TC1 720 Colourblock Track Jacket with Insert Pockets' executed in suite 'MobileImageAutomation.Rob1'.
[ WARN ] Multiple tests with name 'TC1 575 Zip-Front Jacket with Insert Pocket' executed in suite 'MobileImageAutomation.Rob1'.
[ WARN ] Multiple tests with name 'TC1 2000 Zip-Front Bomber Jacket' executed in suite 'MobileImageAutomation.Rob1'.
[ WARN ] Multiple tests with name 'TC1 599 Quilted Slim Fit Zip-Front Gillet' executed in suite 'MobileImageAutomation.Rob1'.
[ WARN ] Multiple tests with name 'TC1 910 Slim-Fit Button-Closure Jacket with Flap Pockets' executed in suite 'MobileImageAutomation.Rob1'.
[ WARN ] Multiple tests with name 'TC1 974 Bomber Jacket with Slip Pockets' executed in suite 'MobileImageAutomation.Rob1'.
[ WARN ] Multiple tests with name 'TC1 1680 Colourblock Zip-Front Hooded Jacket' executed in suite 'MobileImageAutomation.Rob1'.
[ WARN ] Multiple tests with name 'TC1 1679 Colourblock Bomber Jacket with Button Closure' executed in suite 'MobileImageAutomation.Rob1'.
[ WARN ] Multiple tests with name 'TC1 1500 Quilted Zip-Front Gilet Jacket' executed in suite 'MobileImageAutomation.Rob1'.
[ WARN ] Multiple tests with name 'TC1 816 Zip-Front Jacket with Insert Pocket' executed in suite 'MobileImageAutomation.Rob1'.
[ WARN ] Multiple tests with name 'TC1 396 Colourblock Zip-Front Bomber Jacket' executed in suite 'MobileImageAutomation.Rob1'.
[ WARN ] Multiple tests with name 'TC1 988 Slim Fit Jacket with Zip-Front' executed in suite 'MobileImageAutomation.Rob1'.
[ WARN ] Multiple tests with name 'TC1 1470 Quilted Slim Fit Zip-Front Jacket' executed in suite 'MobileImageAutomation.Rob1'.
[ WARN ] Multiple tests with name 'TC1 1750 Zip-Front Bomber Jacket' executed in suite 'MobileImageAutomation.Rob1'.
[ WARN ] Multiple tests with name 'TC1 910 Slim-Fit Button-Closure Jacket with Flap Pockets' executed in suite 'MobileImageAutomation.Rob1'.
[ WARN ] Multiple tests with name 'TC1 396 Colourblock Zip-Front Bomber Jacket' executed in suite 'MobileImageAutomation.Rob1'.
[ WARN ] Multiple tests with name 'TC1 1960 Genuine Leather Slim Fit Zip-Front Bomber Jacket' executed in suite 'MobileImageAutomation.Rob1'.
[ WARN ] Multiple tests with name 'TC1 1960 Colourblock Slim Fit Bomber Jacket' executed in suite 'MobileImageAutomation.Rob1'.
[ WARN ] Multiple tests with name 'TC1 2025 Zip-Front Bomber Jacket' executed in suite 'MobileImageAutomation.Rob1'.
[ WARN ] Multiple tests with name 'TC1 1960 Zip-Front Slim Fit Jacket' executed in suite 'MobileImageAutomation.Rob1'.
[ WARN ] Multiple tests with name 'TC1 960 Zip-Front Puffer Jacket with Insert Pockets' executed in suite 'MobileImageAutomation.Rob1'.
[ WARN ] Multiple tests with name 'TC1 396 Zip-Front Bomber Jacket with Welt Pockets' executed in suite 'MobileImageAutomation.Rob1'.
[ WARN ] Multiple tests with name 'TC1 2000 Zip-Front Bomber Jacket' executed in suite 'MobileImageAutomation.Rob1'.
[ WARN ] Multiple tests with name 'TC1 2040 Packable Ultralight Puffer Jacket' executed in suite 'MobileImageAutomation.Rob1'.
[ WARN ] Multiple tests with name 'TC1 735 Colourblock Zip-Front Track Jacket' executed in suite 'MobileImageAutomation.Rob1'.
[ WARN ] Multiple tests with name 'TC1 1139 Quilted Zip-Front Jacket' executed in suite 'MobileImageAutomation.Rob1'.
[ WARN ] Multiple tests with name 'TC1 1599 Sleeveless Gillet with Zip-Front' executed in suite 'MobileImageAutomation.Rob1'.
[ WARN ] Multiple tests with name 'TC1 750 Camouflage Print Hooded Jacket' executed in suite 'MobileImageAutomation.Rob1'.
[ WARN ] Multiple tests with name 'TC1 2025 Zip-Front Bomber Jacket' executed in suite 'MobileImageAutomation.Rob1'.
[ WARN ] Multiple tests with name 'TC1 1470 1832 Slim Fit Rib-Panelled Jacket' executed in suite 'MobileImageAutomation.Rob1'.
[ WARN ] Multiple tests with name 'TC1 1440 Zip-Front Bomber Jacket' executed in suite 'MobileImageAutomation.Rob1'.
[ WARN ] Multiple tests with name 'TC1 5000 Code Tech SoftShell Zip-Front Jacket' executed in suite 'MobileImageAutomation.Rob1'.
[ WARN ] Multiple tests with name 'TC1 1184 Zip-Front High-Neck Bomber Jacket with Insert Pockets' executed in suite 'MobileImageAutomation.Rob1'.
[ WARN ] Multiple tests with name 'TC1 2000 Single-Breasted Blazer with Flap Pockets' executed in suite 'MobileImageAutomation.Rob1'.
[ WARN ] Multiple tests with name 'TC1 700 Zip-Front Bomber Jacket' executed in suite 'MobileImageAutomation.Rob1'.
[ WARN ] Multiple tests with name 'TC1 2420 Quilted Zip-Front Puffer Jacket' executed in suite 'MobileImageAutomation.Rob1'.
[ WARN ] Multiple tests with name 'TC1 616 Denim Jacket with Flap Pockets' executed in suite 'MobileImageAutomation.Rob1'.
[ WARN ] Multiple tests with name 'TC1 2021 Brand Print Slim Fit Track Jacket' executed in suite 'MobileImageAutomation.Rob1'.
[ WARN ] Multiple tests with name 'TC1 1099 Quilted Slim Fit Bomber Jacket' executed in suite 'MobileImageAutomation.Rob1'.
[ WARN ] Multiple tests with name 'TC1 1250 Zip-Front Hooded Jacket with Flap Pockets' executed in suite 'MobileImageAutomation.Rob1'.
[ WARN ] Multiple tests with name 'TC1 1020 Denim Jacket with Buttoned Flap Pockets' executed in suite 'MobileImageAutomation.Rob1'.
[ WARN ] Multiple tests with name 'TC1 2000 Single-Breasted Blazer with Flap Pockets' executed in suite 'MobileImageAutomation.Rob1'.
[ WARN ] Multiple tests with name 'TC1 6500 Leonardo Hooded Zip-Front Jacket' executed in suite 'MobileImageAutomation.Rob1'.
[ WARN ] Multiple tests with name 'TC1 1499 Denim Jacket with Flap Pockets' executed in suite 'MobileImageAutomation.Rob1'.
[ WARN ] Multiple tests with name 'TC1 1584 Reversible Bomber Jacket with Insert Pockets' executed in suite 'MobileImageAutomation.Rob1'.
[ WARN ] Multiple tests with name 'TC1 1440 Zip-Front Bomber Jacket with Pockets' executed in suite 'MobileImageAutomation.Rob1'.
[ WARN ] Multiple tests with name 'TC1 1349 Zip-Front Jacket with Insert Pockets' executed in suite 'MobileImageAutomation.Rob1'.
